[8/11/2023, 18:43:14] info Se comenzo a ejecutar el SP de la Empresa con el Id: 907
[8/11/2023, 18:59:06] info Se comenzo a ejecutar el SP de la Empresa con el Id: 888
[9/11/2023, 13:29:17] info ******************** Se comenzó a ejecutar la automatización de envió de alertas ************************
[9/11/2023, 13:29:17] info Se comenzo a ejecutar el SP de la Empresa con el Id: 888
[9/11/2023, 13:29:25] error fs is not defined
[9/11/2023, 13:30:57] info ******************** Se comenzó a ejecutar la automatización de envió de alertas ************************
[9/11/2023, 13:30:57] info Se comenzo a ejecutar el SP de la Empresa con el Id: 888
[9/11/2023, 13:31:42] info ******************** Se comenzó a ejecutar la automatización de envió de alertas ************************
[9/11/2023, 13:31:42] info Se comenzo a ejecutar el SP de la Empresa con el Id: 888
[9/11/2023, 13:31:45] error htmlFileError is not defined
[9/11/2023, 16:56:45] info ******************** Se comenzó a ejecutar la automatización de envió de alertas ************************
[9/11/2023, 16:56:45] info Se comenzo a ejecutar el SP de la Empresa con el Id: 888
[9/11/2023, 16:56:53] error ENOENT: no such file or directory, open 'C:\automatizaciones\alertas_cumplimiento_cese\src\controllers\/../templates/error.html'
[9/11/2023, 16:58:00] info ******************** Se comenzó a ejecutar la automatización de envió de alertas ************************
[9/11/2023, 16:58:00] info Se comenzo a ejecutar el SP de la Empresa con el Id: 888
[9/11/2023, 16:58:12] error Error en el envió de alertas ReferenceError: Cannot access 'EXCEL' before initialization
[9/11/2023, 16:59:30] info ******************** Se comenzó a ejecutar la automatización de envió de alertas ************************
[9/11/2023, 16:59:30] info Se comenzo a ejecutar el SP de la Empresa con el Id: 888
[9/11/2023, 16:59:35] info ******************** Se termino de ejecutar la automatización de envió de alertas ************************
[9/11/2023, 17:00:30] info ******************** Se comenzó a ejecutar la automatización de envió de alertas ************************
[9/11/2023, 17:00:30] info Se comenzo a ejecutar el SP de la Empresa con el Id: 888
[9/11/2023, 17:00:36] info ******************** Se termino de ejecutar la automatización de envió de alertas ************************
[9/11/2023, 17:02:52] info ******************** Se comenzó a ejecutar la automatización de envió de alertas ************************
[9/11/2023, 17:02:52] info Se comenzo a ejecutar el SP de la Empresa con el Id: 888
[9/11/2023, 17:04:01] error Error en el envió de alertas TypeError: Cannot read properties of undefined (reading 'length')
[9/11/2023, 17:04:01] error Error al ejecutar SP de la empresa con el Id: 888 error:SequelizeDatabaseError: socket hang up
[9/11/2023, 17:05:52] info ******************** Se comenzó a ejecutar la automatización de envió de alertas ************************
[9/11/2023, 17:05:52] info Se comenzo a ejecutar el SP de la Empresa con el Id: 888
[9/11/2023, 17:05:56] info ******************** Se termino de ejecutar la automatización de envió de alertas ************************
[9/11/2023, 17:06:40] info ******************** Se comenzó a ejecutar la automatización de envió de alertas ************************
[9/11/2023, 17:06:40] info Se comenzo a ejecutar el SP de la Empresa con el Id: 888
[9/11/2023, 17:06:44] info ******************** Se termino de ejecutar la automatización de envió de alertas ************************
[9/11/2023, 17:06:57] info ******************** Se comenzó a ejecutar la automatización de envió de alertas ************************
[9/11/2023, 17:06:57] info Se comenzo a ejecutar el SP de la Empresa con el Id: 888
[9/11/2023, 17:07:01] info ******************** Se termino de ejecutar la automatización de envió de alertas ************************
[9/11/2023, 17:13:26] info ******************** Se comenzó a ejecutar la automatización de envió de alertas ************************
[9/11/2023, 17:13:26] info Se comenzo a ejecutar el SP de la Empresa con el Id: 888
[9/11/2023, 17:13:33] info ******************** Se comenzó a ejecutar la automatización de envió de alertas ************************
[9/11/2023, 17:13:33] info Se comenzo a ejecutar el SP de la Empresa con el Id: 888
[9/11/2023, 17:13:37] info ******************** Se termino de ejecutar la automatización de envió de alertas ************************
[9/11/2023, 17:13:53] info ******************** Se comenzó a ejecutar la automatización de envió de alertas ************************
[9/11/2023, 17:13:53] info Se comenzo a ejecutar el SP de la Empresa con el Id: 888
[9/11/2023, 17:14:08] info ******************** Se termino de ejecutar la automatización de envió de alertas ************************
[9/11/2023, 17:14:08] info ********* El crear excel Femco termino de ejecutarse. *******
[9/11/2023, 17:21:51] info ******************** Se comenzó a ejecutar la automatización de envió de alertas ************************
[9/11/2023, 17:21:51] info Se comenzo a ejecutar el SP de la Empresa con el Id: 888
[9/11/2023, 17:21:55] info ******************** Se termino de ejecutar la automatización de envió de alertas ************************
[9/11/2023, 17:21:55] info El excel de la empresa CSCP se creo correctamente.
[9/11/2023, 17:24:25] info ******************** Se comenzó a ejecutar la automatización de envió de alertas ************************
[9/11/2023, 17:24:25] info Se comenzo a ejecutar el SP de la Empresa con el Id: 888
[9/11/2023, 17:24:29] info ******************** Se termino de ejecutar la automatización de envió de alertas ************************
[9/11/2023, 17:24:29] info El excel de la empresa CSCP se creo correctamente.
